# JRE version: Java(TM) SE Runtime Environment 18.9 (11.0.16+11) (build 11.0.16+11-LTS-199)
# Java VM: Java HotSpot(TM) 64-Bit Server VM 18.9 (11.0.16+11-LTS-199, mixed mode, tiered, compressed oops, g1 gc, windows-amd64)
Heap:
 garbage-first heap   total 214016K, used 125952K [0x0000000080000000, 0x0000000100000000)
  region size 1024K, 9 young (9216K), 5 survivors (5120K)
 Metaspace       used 105232K, capacity 109088K, committed 109340K, reserved 610304K
  class space    used 14001K, capacity 15467K, committed 15564K, reserved 516096K
GC Heap History (10 events):
Event: 67.720 GC heap before
{Heap before GC invocations=52 (full 0):
 garbage-first heap   total 157696K, used 126008K [0x0000000080000000, 0x0000000100000000)
  region size 1024K, 14 young (14336K), 1 survivors (1024K)
 Metaspace       used 98455K, capacity 102087K, committed 102300K, reserved 604160K
  class space    used 13141K, capacity 14564K, committed 14668K, reserved 516096K
}
Event: 67.724 GC heap after
{Heap after GC invocations=53 (full 0):
 garbage-first heap   total 157696K, used 114060K [0x0000000080000000, 0x0000000100000000)
  region size 1024K, 2 young (2048K), 2 survivors (2048K)
 Metaspace       used 98455K, capacity 102087K, committed 102300K, reserved 604160K
  class space    used 13141K, capacity 14564K, committed 14668K, reserved 516096K
}
Event: 68.118 GC heap before
{Heap before GC invocations=53 (full 0):
 garbage-first heap   total 157696K, used 127372K [0x0000000080000000, 0x0000000100000000)
  region size 1024K, 15 young (15360K), 2 survivors (2048K)
 Metaspace       used 99938K, capacity 103571K, committed 103708K, reserved 606208K
  class space    used 13375K, capacity 14759K, committed 14796K, reserved 516096K
}
Event: 68.124 GC heap after
{Heap after GC invocations=54 (full 0):
 garbage-first heap   total 157696K, used 114562K [0x0000000080000000, 0x0000000100000000)
  region size 1024K, 1 young (1024K), 1 survivors (1024K)
 Metaspace       used 99938K, capacity 103571K, committed 103708K, reserved 606208K
  class space    used 13375K, capacity 14759K, committed 14796K, reserved 516096K
}
Event: 68.566 GC heap before
{Heap before GC invocations=55 (full 0):
 garbage-first heap   total 157696K, used 127874K [0x0000000080000000, 0x0000000100000000)
  region size 1024K, 14 young (14336K), 1 survivors (1024K)
 Metaspace       used 101138K, capacity 104839K, committed 104988K, reserved 606208K
  class space    used 13557K, capacity 15000K, committed 15052K, reserved 516096K
}
Event: 68.569 GC heap after
{Heap after GC invocations=56 (full 0):
 garbage-first heap   total 157696K, used 115202K [0x0000000080000000, 0x0000000100000000)
  region size 1024K, 2 young (2048K), 2 survivors (2048K)
 Metaspace       used 101138K, capacity 104839K, committed 104988K, reserved 606208K
  class space    used 13557K, capacity 15000K, committed 15052K, reserved 516096K
}
Event: 69.017 GC heap before
{Heap before GC invocations=56 (full 0):
 garbage-first heap   total 157696K, used 129538K [0x0000000080000000, 0x0000000100000000)
  region size 1024K, 16 young (16384K), 2 survivors (2048K)
 Metaspace       used 102982K, capacity 106771K, committed 106908K, reserved 608256K
  class space    used 13762K, capacity 15172K, committed 15180K, reserved 516096K
}
Event: 69.028 GC heap after
{Heap after GC invocations=57 (full 0):
 garbage-first heap   total 214016K, used 116313K [0x0000000080000000, 0x0000000100000000)
  region size 1024K, 2 young (2048K), 2 survivors (2048K)
 Metaspace       used 102982K, capacity 106771K, committed 106908K, reserved 608256K
  class space    used 13762K, capacity 15172K, committed 15180K, reserved 516096K
}
Event: 69.983 GC heap before
{Heap before GC invocations=58 (full 0):
 garbage-first heap   total 214016K, used 153177K [0x0000000080000000, 0x0000000100000000)
  region size 1024K, 38 young (38912K), 2 survivors (2048K)
 Metaspace       used 105057K, capacity 108897K, committed 109084K, reserved 610304K
  class space    used 13984K, capacity 15425K, committed 15564K, reserved 516096K
}
Event: 69.997 GC heap after
{Heap after GC invocations=59 (full 0):
 garbage-first heap   total 214016K, used 122880K [0x0000000080000000, 0x0000000100000000)
  region size 1024K, 5 young (5120K), 5 survivors (5120K)
 Metaspace       used 105057K, capacity 108897K, committed 109084K, reserved 610304K
  class space    used 13984K, capacity 15425K, committed 15564K, reserved 516096K
}

