# JRE version: Java(TM) SE Runtime Environment 18.9 (11.0.16+11) (build 11.0.16+11-LTS-199)
# Java VM: Java HotSpot(TM) 64-Bit Server VM 18.9 (11.0.16+11-LTS-199, mixed mode, tiered, compressed oops, g1 gc, windows-amd64)
Heap:
 garbage-first heap   total 285696K, used 269932K [0x0000000080000000, 0x0000000100000000)
  region size 1024K, 4 young (4096K), 3 survivors (3072K)
 Metaspace       used 214477K, capacity 220435K, committed 220536K, reserved 708608K
  class space    used 27306K, capacity 29535K, committed 29568K, reserved 516096K
GC Heap History (10 events):
Event: 5796.419 GC heap before
{Heap before GC invocations=195 (full 0):
 garbage-first heap   total 283648K, used 208424K [0x0000000080000000, 0x0000000100000000)
  region size 1024K, 13 young (13312K), 6 survivors (6144K)
 Metaspace       used 212650K, capacity 218583K, committed 218872K, reserved 706560K
  class space    used 27144K, capacity 29374K, committed 29440K, reserved 516096K
}
Event: 5796.439 GC heap after
{Heap after GC invocations=196 (full 0):
 garbage-first heap   total 283648K, used 200061K [0x0000000080000000, 0x0000000100000000)
  region size 1024K, 2 young (2048K), 2 survivors (2048K)
 Metaspace       used 212650K, capacity 218583K, committed 218872K, reserved 706560K
  class space    used 27144K, capacity 29374K, committed 29440K, reserved 516096K
}
Event: 5796.679 GC heap before
{Heap before GC invocations=196 (full 0):
 garbage-first heap   total 283648K, used 234877K [0x0000000080000000, 0x0000000100000000)
  region size 1024K, 36 young (36864K), 2 survivors (2048K)
 Metaspace       used 212862K, capacity 218844K, committed 219128K, reserved 706560K
  class space    used 27144K, capacity 29374K, committed 29440K, reserved 516096K
}
Event: 5796.688 GC heap after
{Heap after GC invocations=197 (full 0):
 garbage-first heap   total 283648K, used 200542K [0x0000000080000000, 0x0000000100000000)
  region size 1024K, 2 young (2048K), 2 survivors (2048K)
 Metaspace       used 212862K, capacity 218844K, committed 219128K, reserved 706560K
  class space    used 27144K, capacity 29374K, committed 29440K, reserved 516096K
}
Event: 5797.321 GC heap before
{Heap before GC invocations=198 (full 0):
 garbage-first heap   total 283648K, used 234334K [0x0000000080000000, 0x0000000100000000)
  region size 1024K, 38 young (38912K), 2 survivors (2048K)
 Metaspace       used 213417K, capacity 219343K, committed 219640K, reserved 706560K
  class space    used 27153K, capacity 29385K, committed 29440K, reserved 516096K
}
Event: 5797.328 GC heap after
{Heap after GC invocations=199 (full 0):
 garbage-first heap   total 283648K, used 200834K [0x0000000080000000, 0x0000000100000000)
  region size 1024K, 5 young (5120K), 5 survivors (5120K)
 Metaspace       used 213417K, capacity 219343K, committed 219640K, reserved 706560K
  class space    used 27153K, capacity 29385K, committed 29440K, reserved 516096K
}
Event: 5797.850 GC heap before
{Heap before GC invocations=199 (full 0):
 garbage-first heap   total 283648K, used 210050K [0x0000000080000000, 0x0000000100000000)
  region size 1024K, 13 young (13312K), 5 survivors (5120K)
 Metaspace       used 213480K, capacity 219485K, committed 219640K, reserved 706560K
  class space    used 27162K, capacity 29391K, committed 29440K, reserved 516096K
}
Event: 5797.905 GC heap after
{Heap after GC invocations=200 (full 0):
 garbage-first heap   total 283648K, used 194372K [0x0000000080000000, 0x0000000100000000)
  region size 1024K, 1 young (1024K), 1 survivors (1024K)
 Metaspace       used 213480K, capacity 219485K, committed 219640K, reserved 706560K
  class space    used 27162K, capacity 29391K, committed 29440K, reserved 516096K
}
Event: 5798.329 GC heap before
{Heap before GC invocations=200 (full 0):
 garbage-first heap   total 283648K, used 210756K [0x0000000080000000, 0x0000000100000000)
  region size 1024K, 19 young (19456K), 1 survivors (1024K)
 Metaspace       used 214474K, capacity 220435K, committed 220536K, reserved 708608K
  class space    used 27306K, capacity 29535K, committed 29568K, reserved 516096K
}
Event: 5798.336 GC heap after
{Heap after GC invocations=201 (full 0):
 garbage-first heap   total 283648K, used 196204K [0x0000000080000000, 0x0000000100000000)
  region size 1024K, 3 young (3072K), 3 survivors (3072K)
 Metaspace       used 214474K, capacity 220435K, committed 220536K, reserved 708608K
  class space    used 27306K, capacity 29535K, committed 29568K, reserved 516096K
}

