# JRE version: Java(TM) SE Runtime Environment 18.9 (11.0.16+11) (build 11.0.16+11-LTS-199)
# Java VM: Java HotSpot(TM) 64-Bit Server VM 18.9 (11.0.16+11-LTS-199, mixed mode, tiered, compressed oops, g1 gc, windows-amd64)
Heap:
 garbage-first heap   total 408576K, used 307200K [0x0000000080000000, 0x0000000100000000)
  region size 1024K, 65 young (66560K), 3 survivors (3072K)
 Metaspace       used 149981K, capacity 155451K, committed 155684K, reserved 651264K
  class space    used 19060K, capacity 21163K, committed 21212K, reserved 516096K
GC Heap History (10 events):
Event: 146.822 GC heap before
{Heap before GC invocations=135 (full 0):
 garbage-first heap   total 279552K, used 236138K [0x0000000080000000, 0x0000000100000000)
  region size 1024K, 46 young (47104K), 7 survivors (7168K)
 Metaspace       used 140205K, capacity 145122K, committed 145316K, reserved 643072K
  class space    used 17628K, capacity 19452K, committed 19548K, reserved 516096K
}
Event: 146.833 GC heap after
{Heap after GC invocations=136 (full 0):
 garbage-first heap   total 335872K, used 205303K [0x0000000080000000, 0x0000000100000000)
  region size 1024K, 6 young (6144K), 6 survivors (6144K)
 Metaspace       used 140205K, capacity 145122K, committed 145316K, reserved 643072K
  class space    used 17628K, capacity 19452K, committed 19548K, reserved 516096K
}
Event: 147.903 GC heap before
{Heap before GC invocations=136 (full 0):
 garbage-first heap   total 335872K, used 260599K [0x0000000080000000, 0x0000000100000000)
  region size 1024K, 61 young (62464K), 6 survivors (6144K)
 Metaspace       used 143292K, capacity 148338K, committed 148644K, reserved 645120K
  class space    used 18058K, capacity 19942K, committed 20060K, reserved 516096K
}
Event: 147.918 GC heap after
{Heap after GC invocations=137 (full 0):
 garbage-first heap   total 335872K, used 215548K [0x0000000080000000, 0x0000000100000000)
  region size 1024K, 8 young (8192K), 8 survivors (8192K)
 Metaspace       used 143292K, capacity 148338K, committed 148644K, reserved 645120K
  class space    used 18058K, capacity 19942K, committed 20060K, reserved 516096K
}
Event: 148.371 GC heap before
{Heap before GC invocations=137 (full 0):
 garbage-first heap   total 335872K, used 266748K [0x0000000080000000, 0x0000000100000000)
  region size 1024K, 59 young (60416K), 8 survivors (8192K)
 Metaspace       used 145314K, capacity 150517K, committed 150820K, reserved 647168K
  class space    used 18349K, capacity 20327K, committed 20444K, reserved 516096K
}
Event: 148.402 GC heap after
{Heap after GC invocations=138 (full 0):
 garbage-first heap   total 335872K, used 226159K [0x0000000080000000, 0x0000000100000000)
  region size 1024K, 8 young (8192K), 8 survivors (8192K)
 Metaspace       used 145314K, capacity 150517K, committed 150820K, reserved 647168K
  class space    used 18349K, capacity 20327K, committed 20444K, reserved 516096K
}
Event: 148.683 GC heap before
{Heap before GC invocations=138 (full 0):
 garbage-first heap   total 335872K, used 274287K [0x0000000080000000, 0x0000000100000000)
  region size 1024K, 55 young (56320K), 8 survivors (8192K)
 Metaspace       used 146716K, capacity 151952K, committed 152100K, reserved 649216K
  class space    used 18618K, capacity 20617K, committed 20700K, reserved 516096K
}
Event: 148.711 GC heap after
{Heap after GC invocations=139 (full 0):
 garbage-first heap   total 335872K, used 235747K [0x0000000080000000, 0x0000000100000000)
  region size 1024K, 7 young (7168K), 7 survivors (7168K)
 Metaspace       used 146716K, capacity 151952K, committed 152100K, reserved 649216K
  class space    used 18618K, capacity 20617K, committed 20700K, reserved 516096K
}
Event: 149.045 GC heap before
{Heap before GC invocations=139 (full 0):
 garbage-first heap   total 335872K, used 277731K [0x0000000080000000, 0x0000000100000000)
  region size 1024K, 49 young (50176K), 7 survivors (7168K)
 Metaspace       used 148312K, capacity 153757K, committed 153892K, reserved 649216K
  class space    used 18852K, capacity 20898K, committed 20956K, reserved 516096K
}
Event: 149.069 GC heap after
{Heap after GC invocations=140 (full 0):
 garbage-first heap   total 408576K, used 243712K [0x0000000080000000, 0x0000000100000000)
  region size 1024K, 7 young (7168K), 7 survivors (7168K)
 Metaspace       used 148312K, capacity 153757K, committed 153892K, reserved 649216K
  class space    used 18852K, capacity 20898K, committed 20956K, reserved 516096K
}

