# JRE version: Java(TM) SE Runtime Environment 18.9 (11.0.16+11) (build 11.0.16+11-LTS-199)
# Java VM: Java HotSpot(TM) 64-Bit Server VM 18.9 (11.0.16+11-LTS-199, mixed mode, tiered, compressed oops, g1 gc, windows-amd64)
Heap:
 garbage-first heap   total 717824K, used 261277K [0x0000000080000000, 0x0000000100000000)
  region size 1024K, 6 young (6144K), 6 survivors (6144K)
 Metaspace       used 123645K, capacity 128269K, committed 128592K, reserved 626688K
  class space    used 16303K, capacity 18123K, committed 18176K, reserved 516096K
GC Heap History (10 events):
Event: 54.700 GC heap after
{Heap after GC invocations=86 (full 0):
 garbage-first heap   total 283648K, used 209389K [0x0000000080000000, 0x0000000100000000)
  region size 1024K, 4 young (4096K), 4 survivors (4096K)
 Metaspace       used 117695K, capacity 121890K, committed 122192K, reserved 622592K
  class space    used 15472K, capacity 17133K, committed 17152K, reserved 516096K
}
Event: 54.869 GC heap before
{Heap before GC invocations=86 (full 0):
 garbage-first heap   total 283648K, used 233965K [0x0000000080000000, 0x0000000100000000)
  region size 1024K, 28 young (28672K), 4 survivors (4096K)
 Metaspace       used 118259K, capacity 122523K, committed 122576K, reserved 622592K
  class space    used 15572K, capacity 17240K, committed 17280K, reserved 516096K
}
Event: 54.897 GC heap after
{Heap after GC invocations=87 (full 0):
 garbage-first heap   total 492544K, used 215406K [0x0000000080000000, 0x0000000100000000)
  region size 1024K, 4 young (4096K), 4 survivors (4096K)
 Metaspace       used 118259K, capacity 122523K, committed 122576K, reserved 622592K
  class space    used 15572K, capacity 17240K, committed 17280K, reserved 516096K
}
Event: 56.311 GC heap before
{Heap before GC invocations=88 (full 0):
 garbage-first heap   total 492544K, used 296302K [0x0000000080000000, 0x0000000100000000)
  region size 1024K, 84 young (86016K), 4 survivors (4096K)
 Metaspace       used 121099K, capacity 125429K, committed 125648K, reserved 624640K
  class space    used 15971K, capacity 17665K, committed 17792K, reserved 516096K
}
Event: 56.340 GC heap after
{Heap after GC invocations=89 (full 0):
 garbage-first heap   total 492544K, used 228237K [0x0000000080000000, 0x0000000100000000)
  region size 1024K, 11 young (11264K), 11 survivors (11264K)
 Metaspace       used 121099K, capacity 125429K, committed 125648K, reserved 624640K
  class space    used 15971K, capacity 17665K, committed 17792K, reserved 516096K
}
Event: 57.044 GC heap before
{Heap before GC invocations=89 (full 0):
 garbage-first heap   total 492544K, used 315277K [0x0000000080000000, 0x0000000100000000)
  region size 1024K, 96 young (98304K), 11 survivors (11264K)
 Metaspace       used 122378K, capacity 126794K, committed 127056K, reserved 626688K
  class space    used 16116K, capacity 17870K, committed 17920K, reserved 516096K
}
Event: 57.074 GC heap after
{Heap after GC invocations=90 (full 0):
 garbage-first heap   total 492544K, used 240767K [0x0000000080000000, 0x0000000100000000)
  region size 1024K, 12 young (12288K), 12 survivors (12288K)
 Metaspace       used 122378K, capacity 126794K, committed 127056K, reserved 626688K
  class space    used 16116K, capacity 17870K, committed 17920K, reserved 516096K
}
Event: 57.533 GC heap before
{Heap before GC invocations=90 (full 0):
 garbage-first heap   total 492544K, used 331903K [0x0000000080000000, 0x0000000100000000)
  region size 1024K, 101 young (103424K), 12 survivors (12288K)
 Metaspace       used 123229K, capacity 127822K, committed 127952K, reserved 626688K
  class space    used 16245K, capacity 18042K, committed 18048K, reserved 516096K
}
Event: 57.569 GC heap after
{Heap after GC invocations=91 (full 0):
 garbage-first heap   total 492544K, used 255435K [0x0000000080000000, 0x0000000100000000)
  region size 1024K, 13 young (13312K), 13 survivors (13312K)
 Metaspace       used 123229K, capacity 127822K, committed 127952K, reserved 626688K
  class space    used 16245K, capacity 18042K, committed 18048K, reserved 516096K
}
Event: 58.671 GC heap before
{Heap before GC invocations=92 (full 0):
 garbage-first heap   total 492544K, used 346571K [0x0000000080000000, 0x0000000100000000)
  region size 1024K, 103 young (105472K), 13 survivors (13312K)
 Metaspace       used 123645K, capacity 128269K, committed 128592K, reserved 626688K
  class space    used 16303K, capacity 18123K, committed 18176K, reserved 516096K
}

