# JRE version: Java(TM) SE Runtime Environment 18.9 (11.0.16+11) (build 11.0.16+11-LTS-199)
# Java VM: Java HotSpot(TM) 64-Bit Server VM 18.9 (11.0.16+11-LTS-199, mixed mode, tiered, compressed oops, g1 gc, windows-amd64)
Heap:
 garbage-first heap   total 771072K, used 279030K [0x0000000080000000, 0x0000000100000000)
  region size 1024K, 6 young (6144K), 6 survivors (6144K)
 Metaspace       used 182254K, capacity 188446K, committed 188572K, reserved 679936K
  class space    used 22757K, capacity 25058K, committed 25164K, reserved 516096K
GC Heap History (10 events):
Event: 2428.490 GC heap after
{Heap after GC invocations=238 (full 0):
 garbage-first heap   total 329728K, used 256541K [0x0000000080000000, 0x0000000100000000)
  region size 1024K, 2 young (2048K), 2 survivors (2048K)
 Metaspace       used 177099K, capacity 183097K, committed 183324K, reserved 675840K
  class space    used 22126K, capacity 24364K, committed 24524K, reserved 516096K
}
Event: 2428.671 GC heap before
{Heap before GC invocations=238 (full 0):
 garbage-first heap   total 329728K, used 283165K [0x0000000080000000, 0x0000000100000000)
  region size 1024K, 28 young (28672K), 2 survivors (2048K)
 Metaspace       used 177632K, capacity 183692K, committed 183836K, reserved 675840K
  class space    used 22215K, capacity 24478K, committed 24524K, reserved 516096K
}
Event: 2428.696 GC heap after
{Heap after GC invocations=239 (full 0):
 garbage-first heap   total 439296K, used 261038K [0x0000000080000000, 0x0000000100000000)
  region size 1024K, 4 young (4096K), 4 survivors (4096K)
 Metaspace       used 177632K, capacity 183692K, committed 183836K, reserved 675840K
  class space    used 22215K, capacity 24478K, committed 24524K, reserved 516096K
}
Event: 2430.400 GC heap before
{Heap before GC invocations=240 (full 0):
 garbage-first heap   total 439296K, used 321454K [0x0000000080000000, 0x0000000100000000)
  region size 1024K, 63 young (64512K), 4 survivors (4096K)
 Metaspace       used 180412K, capacity 186584K, committed 186908K, reserved 679936K
  class space    used 22624K, capacity 24916K, committed 25036K, reserved 516096K
}
Event: 2430.497 GC heap after
{Heap after GC invocations=241 (full 0):
 garbage-first heap   total 439296K, used 268288K [0x0000000080000000, 0x0000000100000000)
  region size 1024K, 8 young (8192K), 8 survivors (8192K)
 Metaspace       used 180412K, capacity 186584K, committed 186908K, reserved 679936K
  class space    used 22624K, capacity 24916K, committed 25036K, reserved 516096K
}
Event: 2432.776 GC heap before
{Heap before GC invocations=241 (full 0):
 garbage-first heap   total 439296K, used 330752K [0x0000000080000000, 0x0000000100000000)
  region size 1024K, 69 young (70656K), 8 survivors (8192K)
 Metaspace       used 181378K, capacity 187539K, committed 187676K, reserved 679936K
  class space    used 22689K, capacity 24995K, committed 25036K, reserved 516096K
}
Event: 2432.879 GC heap after
{Heap after GC invocations=242 (full 0):
 garbage-first heap   total 439296K, used 273334K [0x0000000080000000, 0x0000000100000000)
  region size 1024K, 9 young (9216K), 9 survivors (9216K)
 Metaspace       used 181378K, capacity 187539K, committed 187676K, reserved 679936K
  class space    used 22689K, capacity 24995K, committed 25036K, reserved 516096K
}
Event: 2433.548 GC heap before
{Heap before GC invocations=242 (full 0):
 garbage-first heap   total 439296K, used 335798K [0x0000000080000000, 0x0000000100000000)
  region size 1024K, 71 young (72704K), 9 survivors (9216K)
 Metaspace       used 181657K, capacity 187829K, committed 187932K, reserved 679936K
  class space    used 22715K, capacity 25005K, committed 25036K, reserved 516096K
}
Event: 2433.570 GC heap after
{Heap after GC invocations=243 (full 0):
 garbage-first heap   total 439296K, used 276801K [0x0000000080000000, 0x0000000100000000)
  region size 1024K, 8 young (8192K), 8 survivors (8192K)
 Metaspace       used 181657K, capacity 187829K, committed 187932K, reserved 679936K
  class space    used 22715K, capacity 25005K, committed 25036K, reserved 516096K
}
Event: 2435.094 GC heap before
{Heap before GC invocations=243 (full 0):
 garbage-first heap   total 439296K, used 342337K [0x0000000080000000, 0x0000000100000000)
  region size 1024K, 73 young (74752K), 8 survivors (8192K)
 Metaspace       used 182254K, capacity 188446K, committed 188572K, reserved 679936K
  class space    used 22757K, capacity 25058K, committed 25164K, reserved 516096K
}

