# JRE version: Java(TM) SE Runtime Environment 18.9 (11.0.16+11) (build 11.0.16+11-LTS-199)
# Java VM: Java HotSpot(TM) 64-Bit Server VM 18.9 (11.0.16+11-LTS-199, mixed mode, tiered, compressed oops, g1 gc, windows-amd64)
Heap:
 garbage-first heap   total 524288K, used 289570K [0x0000000080000000, 0x0000000100000000)
  region size 1024K, 8 young (8192K), 8 survivors (8192K)
 Metaspace       used 129788K, capacity 134743K, committed 134948K, reserved 632832K
  class space    used 16882K, capacity 18807K, committed 18908K, reserved 516096K
GC Heap History (10 events):
Event: 65.479 GC heap after
{Heap after GC invocations=116 (full 0):
 garbage-first heap   total 455680K, used 286901K [0x0000000080000000, 0x0000000100000000)
  region size 1024K, 10 young (10240K), 10 survivors (10240K)
 Metaspace       used 129637K, capacity 134644K, committed 134948K, reserved 632832K
  class space    used 16878K, capacity 18801K, committed 18908K, reserved 516096K
}
Event: 65.533 GC heap before
{Heap before GC invocations=116 (full 0):
 garbage-first heap   total 455680K, used 300213K [0x0000000080000000, 0x0000000100000000)
  region size 1024K, 22 young (22528K), 10 survivors (10240K)
 Metaspace       used 129654K, capacity 134646K, committed 134948K, reserved 632832K
  class space    used 16878K, capacity 18801K, committed 18908K, reserved 516096K
}
Event: 65.559 GC heap after
{Heap after GC invocations=117 (full 0):
 garbage-first heap   total 455680K, used 283873K [0x0000000080000000, 0x0000000100000000)
  region size 1024K, 2 young (2048K), 2 survivors (2048K)
 Metaspace       used 129654K, capacity 134646K, committed 134948K, reserved 632832K
  class space    used 16878K, capacity 18801K, committed 18908K, reserved 516096K
}
Event: 65.926 GC heap before
{Heap before GC invocations=117 (full 0):
 garbage-first heap   total 455680K, used 396513K [0x0000000080000000, 0x0000000100000000)
  region size 1024K, 113 young (115712K), 2 survivors (2048K)
 Metaspace       used 129674K, capacity 134658K, committed 134948K, reserved 632832K
  class space    used 16882K, capacity 18806K, committed 18908K, reserved 516096K
}
Event: 65.937 GC heap after
{Heap after GC invocations=118 (full 0):
 garbage-first heap   total 455680K, used 284671K [0x0000000080000000, 0x0000000100000000)
  region size 1024K, 4 young (4096K), 4 survivors (4096K)
 Metaspace       used 129674K, capacity 134658K, committed 134948K, reserved 632832K
  class space    used 16882K, capacity 18806K, committed 18908K, reserved 516096K
}
Event: 66.368 GC heap before
{Heap before GC invocations=118 (full 0):
 garbage-first heap   total 455680K, used 397311K [0x0000000080000000, 0x0000000100000000)
  region size 1024K, 114 young (116736K), 4 survivors (4096K)
 Metaspace       used 129695K, capacity 134662K, committed 134948K, reserved 632832K
  class space    used 16882K, capacity 18806K, committed 18908K, reserved 516096K
}
Event: 66.379 GC heap after
{Heap after GC invocations=119 (full 0):
 garbage-first heap   total 455680K, used 288121K [0x0000000080000000, 0x0000000100000000)
  region size 1024K, 7 young (7168K), 7 survivors (7168K)
 Metaspace       used 129695K, capacity 134662K, committed 134948K, reserved 632832K
  class space    used 16882K, capacity 18806K, committed 18908K, reserved 516096K
}
Event: 67.017 GC heap before
{Heap before GC invocations=119 (full 0):
 garbage-first heap   total 455680K, used 397689K [0x0000000080000000, 0x0000000100000000)
  region size 1024K, 114 young (116736K), 7 survivors (7168K)
 Metaspace       used 129764K, capacity 134740K, committed 134948K, reserved 632832K
  class space    used 16882K, capacity 18806K, committed 18908K, reserved 516096K
}
Event: 67.033 GC heap after
{Heap after GC invocations=120 (full 0):
 garbage-first heap   total 455680K, used 289849K [0x0000000080000000, 0x0000000100000000)
  region size 1024K, 9 young (9216K), 9 survivors (9216K)
 Metaspace       used 129764K, capacity 134740K, committed 134948K, reserved 632832K
  class space    used 16882K, capacity 18806K, committed 18908K, reserved 516096K
}
Event: 67.467 GC heap before
{Heap before GC invocations=121 (full 0):
 garbage-first heap   total 455680K, used 398393K [0x0000000080000000, 0x0000000100000000)
  region size 1024K, 115 young (117760K), 9 survivors (9216K)
 Metaspace       used 129788K, capacity 134743K, committed 134948K, reserved 632832K
  class space    used 16882K, capacity 18807K, committed 18908K, reserved 516096K
}

