# JRE version: Java(TM) SE Runtime Environment 18.9 (11.0.16+11) (build 11.0.16+11-LTS-199)
# Java VM: Java HotSpot(TM) 64-Bit Server VM 18.9 (11.0.16+11-LTS-199, mixed mode, tiered, compressed oops, g1 gc, windows-amd64)
Heap:
 garbage-first heap   total 131072K, used 75779K [0x0000000080000000, 0x0000000100000000)
  region size 1024K, 36 young (36864K), 4 survivors (4096K)
 Metaspace       used 63687K, capacity 65600K, committed 65776K, reserved 573440K
  class space    used 8492K, capacity 9299K, committed 9384K, reserved 516096K
GC Heap History (10 events):
Event: 17.476 GC heap before
{Heap before GC invocations=10 (full 0):
 garbage-first heap   total 131072K, used 82187K [0x0000000080000000, 0x0000000100000000)
  region size 1024K, 59 young (60416K), 7 survivors (7168K)
 Metaspace       used 46206K, capacity 47360K, committed 47688K, reserved 559104K
  class space    used 6038K, capacity 6548K, committed 6656K, reserved 516096K
}
Event: 17.484 GC heap after
{Heap after GC invocations=11 (full 0):
 garbage-first heap   total 131072K, used 31390K [0x0000000080000000, 0x0000000100000000)
  region size 1024K, 6 young (6144K), 6 survivors (6144K)
 Metaspace       used 46206K, capacity 47360K, committed 47688K, reserved 559104K
  class space    used 6038K, capacity 6548K, committed 6656K, reserved 516096K
}
Event: 18.314 GC heap before
{Heap before GC invocations=11 (full 0):
 garbage-first heap   total 131072K, used 87710K [0x0000000080000000, 0x0000000100000000)
  region size 1024K, 60 young (61440K), 6 survivors (6144K)
 Metaspace       used 49565K, capacity 50954K, committed 51272K, reserved 561152K
  class space    used 6497K, capacity 7061K, committed 7168K, reserved 516096K
}
Event: 18.321 GC heap after
{Heap after GC invocations=12 (full 0):
 garbage-first heap   total 131072K, used 33863K [0x0000000080000000, 0x0000000100000000)
  region size 1024K, 4 young (4096K), 4 survivors (4096K)
 Metaspace       used 49565K, capacity 50954K, committed 51272K, reserved 561152K
  class space    used 6497K, capacity 7061K, committed 7168K, reserved 516096K
}
Event: 19.361 GC heap before
{Heap before GC invocations=12 (full 0):
 garbage-first heap   total 131072K, used 95303K [0x0000000080000000, 0x0000000100000000)
  region size 1024K, 61 young (62464K), 4 survivors (4096K)
 Metaspace       used 55450K, capacity 57128K, committed 57416K, reserved 567296K
  class space    used 7362K, capacity 8085K, committed 8192K, reserved 516096K
}
Event: 19.370 GC heap after
{Heap after GC invocations=13 (full 0):
 garbage-first heap   total 131072K, used 40810K [0x0000000080000000, 0x0000000100000000)
  region size 1024K, 8 young (8192K), 8 survivors (8192K)
 Metaspace       used 55450K, capacity 57128K, committed 57416K, reserved 567296K
  class space    used 7362K, capacity 8085K, committed 8192K, reserved 516096K
}
Event: 20.038 GC heap before
{Heap before GC invocations=13 (full 0):
 garbage-first heap   total 131072K, used 79722K [0x0000000080000000, 0x0000000100000000)
  region size 1024K, 47 young (48128K), 8 survivors (8192K)
 Metaspace       used 58347K, capacity 59998K, committed 60068K, reserved 569344K
  class space    used 7763K, capacity 8509K, committed 8540K, reserved 516096K
}
Event: 20.048 GC heap after
{Heap after GC invocations=14 (full 0):
 garbage-first heap   total 131072K, used 42305K [0x0000000080000000, 0x0000000100000000)
  region size 1024K, 6 young (6144K), 6 survivors (6144K)
 Metaspace       used 58347K, capacity 59998K, committed 60068K, reserved 569344K
  class space    used 7763K, capacity 8509K, committed 8540K, reserved 516096K
}
Event: 20.948 GC heap before
{Heap before GC invocations=15 (full 0):
 garbage-first heap   total 131072K, used 96577K [0x0000000080000000, 0x0000000100000000)
  region size 1024K, 59 young (60416K), 6 survivors (6144K)
 Metaspace       used 62069K, capacity 63765K, committed 63856K, reserved 571392K
  class space    used 8227K, capacity 8986K, committed 9000K, reserved 516096K
}
Event: 20.956 GC heap after
{Heap after GC invocations=16 (full 0):
 garbage-first heap   total 131072K, used 44035K [0x0000000080000000, 0x0000000100000000)
  region size 1024K, 4 young (4096K), 4 survivors (4096K)
 Metaspace       used 62069K, capacity 63765K, committed 63856K, reserved 571392K
  class space    used 8227K, capacity 8986K, committed 9000K, reserved 516096K
}

