# JRE version: Java(TM) SE Runtime Environment 18.9 (11.0.16+11) (build 11.0.16+11-LTS-199)
# Java VM: Java HotSpot(TM) 64-Bit Server VM 18.9 (11.0.16+11-LTS-199, mixed mode, tiered, compressed oops, g1 gc, windows-amd64)
Heap:
 garbage-first heap   total 131072K, used 76621K [0x0000000080000000, 0x0000000100000000)
  region size 1024K, 5 young (5120K), 3 survivors (3072K)
 Metaspace       used 83934K, capacity 86462K, committed 86692K, reserved 591872K
  class space    used 11024K, capacity 12052K, committed 12124K, reserved 516096K
GC Heap History (10 events):
Event: 24.572 GC heap before
{Heap before GC invocations=17 (full 0):
 garbage-first heap   total 131072K, used 109246K [0x0000000080000000, 0x0000000100000000)
  region size 1024K, 61 young (62464K), 8 survivors (8192K)
 Metaspace       used 72555K, capacity 74810K, committed 75044K, reserved 581632K
  class space    used 9667K, capacity 10610K, committed 10716K, reserved 516096K
}
Event: 24.582 GC heap after
{Heap after GC invocations=18 (full 0):
 garbage-first heap   total 131072K, used 63120K [0x0000000080000000, 0x0000000100000000)
  region size 1024K, 8 young (8192K), 8 survivors (8192K)
 Metaspace       used 72555K, capacity 74810K, committed 75044K, reserved 581632K
  class space    used 9667K, capacity 10610K, committed 10716K, reserved 516096K
}
Event: 25.558 GC heap before
{Heap before GC invocations=18 (full 0):
 garbage-first heap   total 131072K, used 105104K [0x0000000080000000, 0x0000000100000000)
  region size 1024K, 49 young (50176K), 8 survivors (8192K)
 Metaspace       used 78979K, capacity 81306K, committed 81700K, reserved 587776K
  class space    used 10355K, capacity 11341K, committed 11484K, reserved 516096K
}
Event: 25.564 GC heap after
{Heap after GC invocations=19 (full 0):
 garbage-first heap   total 131072K, used 66025K [0x0000000080000000, 0x0000000100000000)
  region size 1024K, 3 young (3072K), 3 survivors (3072K)
 Metaspace       used 78979K, capacity 81306K, committed 81700K, reserved 587776K
  class space    used 10355K, capacity 11341K, committed 11484K, reserved 516096K
}
Event: 26.406 GC heap before
{Heap before GC invocations=19 (full 0):
 garbage-first heap   total 131072K, used 105961K [0x0000000080000000, 0x0000000100000000)
  region size 1024K, 43 young (44032K), 3 survivors (3072K)
 Metaspace       used 82444K, capacity 84853K, committed 85156K, reserved 589824K
  class space    used 10775K, capacity 11772K, committed 11868K, reserved 516096K
}
Event: 26.412 GC heap after
{Heap after GC invocations=20 (full 0):
 garbage-first heap   total 131072K, used 68985K [0x0000000080000000, 0x0000000100000000)
  region size 1024K, 6 young (6144K), 6 survivors (6144K)
 Metaspace       used 82444K, capacity 84853K, committed 85156K, reserved 589824K
  class space    used 10775K, capacity 11772K, committed 11868K, reserved 516096K
}
Event: 26.925 GC heap before
{Heap before GC invocations=21 (full 0):
 garbage-first heap   total 131072K, used 106873K [0x0000000080000000, 0x0000000100000000)
  region size 1024K, 43 young (44032K), 6 survivors (6144K)
 Metaspace       used 83749K, capacity 86284K, committed 86436K, reserved 591872K
  class space    used 10994K, capacity 12013K, committed 12124K, reserved 516096K
}
Event: 26.933 GC heap after
{Heap after GC invocations=22 (full 0):
 garbage-first heap   total 131072K, used 72758K [0x0000000080000000, 0x0000000100000000)
  region size 1024K, 4 young (4096K), 4 survivors (4096K)
 Metaspace       used 83749K, capacity 86284K, committed 86436K, reserved 591872K
  class space    used 10994K, capacity 12013K, committed 12124K, reserved 516096K
}
Event: 27.149 GC heap before
{Heap before GC invocations=22 (full 0):
 garbage-first heap   total 131072K, used 107574K [0x0000000080000000, 0x0000000100000000)
  region size 1024K, 38 young (38912K), 4 survivors (4096K)
 Metaspace       used 83932K, capacity 86462K, committed 86692K, reserved 591872K
  class space    used 11024K, capacity 12052K, committed 12124K, reserved 516096K
}
Event: 27.156 GC heap after
{Heap after GC invocations=23 (full 0):
 garbage-first heap   total 131072K, used 75597K [0x0000000080000000, 0x0000000100000000)
  region size 1024K, 3 young (3072K), 3 survivors (3072K)
 Metaspace       used 83932K, capacity 86462K, committed 86692K, reserved 591872K
  class space    used 11024K, capacity 12052K, committed 12124K, reserved 516096K
}

