# JRE version: Java(TM) SE Runtime Environment 18.9 (11.0.16+11) (build 11.0.16+11-LTS-199)
# Java VM: Java HotSpot(TM) 64-Bit Server VM 18.9 (11.0.16+11-LTS-199, mixed mode, tiered, compressed oops, g1 gc, windows-amd64)
Heap:
 garbage-first heap   total 131072K, used 93628K [0x0000000080000000, 0x0000000100000000)
  region size 1024K, 49 young (50176K), 6 survivors (6144K)
 Metaspace       used 70645K, capacity 73021K, committed 73216K, reserved 579584K
  class space    used 9392K, capacity 10393K, committed 10496K, reserved 516096K
GC Heap History (10 events):
Event: 42.397 GC heap before
{Heap before GC invocations=12 (full 0):
 garbage-first heap   total 131072K, used 100040K [0x0000000080000000, 0x0000000100000000)
  region size 1024K, 63 young (64512K), 5 survivors (5120K)
 Metaspace       used 58236K, capacity 59983K, committed 60160K, reserved 569344K
  class space    used 7682K, capacity 8429K, committed 8448K, reserved 516096K
}
Event: 42.406 GC heap after
{Heap after GC invocations=13 (full 0):
 garbage-first heap   total 131072K, used 45770K [0x0000000080000000, 0x0000000100000000)
  region size 1024K, 6 young (6144K), 6 survivors (6144K)
 Metaspace       used 58236K, capacity 59983K, committed 60160K, reserved 569344K
  class space    used 7682K, capacity 8429K, committed 8448K, reserved 516096K
}
Event: 42.427 GC heap before
{Heap before GC invocations=13 (full 0):
 garbage-first heap   total 131072K, used 45770K [0x0000000080000000, 0x0000000100000000)
  region size 1024K, 7 young (7168K), 6 survivors (6144K)
 Metaspace       used 58253K, capacity 59983K, committed 60160K, reserved 569344K
  class space    used 7684K, capacity 8429K, committed 8448K, reserved 516096K
}
Event: 42.437 GC heap after
{Heap after GC invocations=14 (full 0):
 garbage-first heap   total 131072K, used 46018K [0x0000000080000000, 0x0000000100000000)
  region size 1024K, 5 young (5120K), 5 survivors (5120K)
 Metaspace       used 58253K, capacity 59983K, committed 60160K, reserved 569344K
  class space    used 7684K, capacity 8429K, committed 8448K, reserved 516096K
}
Event: 45.826 GC heap before
{Heap before GC invocations=15 (full 0):
 garbage-first heap   total 131072K, used 94146K [0x0000000080000000, 0x0000000100000000)
  region size 1024K, 52 young (53248K), 5 survivors (5120K)
 Metaspace       used 61587K, capacity 63432K, committed 63488K, reserved 571392K
  class space    used 8148K, capacity 8919K, committed 8960K, reserved 516096K
}
Event: 45.833 GC heap after
{Heap after GC invocations=16 (full 0):
 garbage-first heap   total 131072K, used 47321K [0x0000000080000000, 0x0000000100000000)
  region size 1024K, 2 young (2048K), 2 survivors (2048K)
 Metaspace       used 61587K, capacity 63432K, committed 63488K, reserved 571392K
  class space    used 8148K, capacity 8919K, committed 8960K, reserved 516096K
}
Event: 48.483 GC heap before
{Heap before GC invocations=16 (full 0):
 garbage-first heap   total 131072K, used 96473K [0x0000000080000000, 0x0000000100000000)
  region size 1024K, 51 young (52224K), 2 survivors (2048K)
 Metaspace       used 64923K, capacity 66818K, committed 67072K, reserved 575488K
  class space    used 8551K, capacity 9356K, committed 9472K, reserved 516096K
}
Event: 48.489 GC heap after
{Heap after GC invocations=17 (full 0):
 garbage-first heap   total 131072K, used 48728K [0x0000000080000000, 0x0000000100000000)
  region size 1024K, 4 young (4096K), 4 survivors (4096K)
 Metaspace       used 64923K, capacity 66818K, committed 67072K, reserved 575488K
  class space    used 8551K, capacity 9356K, committed 9472K, reserved 516096K
}
Event: 50.763 GC heap before
{Heap before GC invocations=17 (full 0):
 garbage-first heap   total 131072K, used 98904K [0x0000000080000000, 0x0000000100000000)
  region size 1024K, 53 young (54272K), 4 survivors (4096K)
 Metaspace       used 67755K, capacity 69950K, committed 70144K, reserved 577536K
  class space    used 9008K, capacity 9917K, committed 9984K, reserved 516096K
}
Event: 50.771 GC heap after
{Heap after GC invocations=18 (full 0):
 garbage-first heap   total 131072K, used 51644K [0x0000000080000000, 0x0000000100000000)
  region size 1024K, 6 young (6144K), 6 survivors (6144K)
 Metaspace       used 67755K, capacity 69950K, committed 70144K, reserved 577536K
  class space    used 9008K, capacity 9917K, committed 9984K, reserved 516096K
}

