# JRE version: OpenJDK Runtime Environment Temurin-17.0.4.1+1 (17.0.4.1+1) (build 17.0.4.1+1)
# Java VM: OpenJDK 64-Bit Server VM Temurin-17.0.4.1+1 (17.0.4.1+1, mixed mode, tiered, compressed oops, compressed class ptrs, parallel gc, windows-amd64)
GC Precious Log:
 CPUs: 8 total, 8 available
 Memory: 8074M
 Large Page Support: Disabled
 NUMA Support: Disabled
 Compressed Oops: Enabled (32-bit)
 Alignments: Space 512K, Generation 512K, Heap 2M
 Heap Min Capacity: 100M
 Heap Initial Capacity: 100M
 Heap Max Capacity: 1G
 Pre-touch: Disabled
 Parallel Workers: 8
Heap:
 PSYoungGen      total 16384K, used 5483K [0x00000000eab00000, 0x00000000ebe00000, 0x0000000100000000)
  eden space 15872K, 33% used [0x00000000eab00000,0x00000000eb02ad58,0x00000000eba80000)
  from space 512K, 37% used [0x00000000ebd80000,0x00000000ebdb0000,0x00000000ebe00000)
  to   space 512K, 0% used [0x00000000ebd00000,0x00000000ebd00000,0x00000000ebd80000)
 ParOldGen       total 68608K, used 45811K [0x00000000c0000000, 0x00000000c4300000, 0x00000000eab00000)
  object space 68608K, 66% used [0x00000000c0000000,0x00000000c2cbcc20,0x00000000c4300000)
 Metaspace       used 54712K, committed 55616K, reserved 1105920K
  class space    used 6298K, committed 6720K, reserved 1048576K
GC Heap History (20 events):
Event: 17.406 GC heap before
{Heap before GC invocations=27 (full 2):
 PSYoungGen      total 19456K, used 19085K [0x00000000eab00000, 0x00000000ec100000, 0x0000000100000000)
  eden space 18944K, 99% used [0x00000000eab00000,0x00000000ebd6b7e0,0x00000000ebd80000)
  from space 512K, 43% used [0x00000000ec080000,0x00000000ec0b8000,0x00000000ec100000)
  to   space 512K, 0% used [0x00000000ec000000,0x00000000ec000000,0x00000000ec080000)
 ParOldGen       total 68608K, used 32016K [0x00000000c0000000, 0x00000000c4300000, 0x00000000eab00000)
  object space 68608K, 46% used [0x00000000c0000000,0x00000000c1f44158,0x00000000c4300000)
 Metaspace       used 48631K, committed 49472K, reserved 1097728K
  class space    used 5298K, committed 5696K, reserved 1048576K
}
Event: 17.408 GC heap after
{Heap after GC invocations=27 (full 2):
 PSYoungGen      total 19456K, used 502K [0x00000000eab00000, 0x00000000ec580000, 0x0000000100000000)
  eden space 18944K, 0% used [0x00000000eab00000,0x00000000eab00000,0x00000000ebd80000)
  from space 512K, 98% used [0x00000000ec000000,0x00000000ec07dae8,0x00000000ec080000)
  to   space 4096K, 0% used [0x00000000ec180000,0x00000000ec180000,0x00000000ec580000)
 ParOldGen       total 68608K, used 34795K [0x00000000c0000000, 0x00000000c4300000, 0x00000000eab00000)
  object space 68608K, 50% used [0x00000000c0000000,0x00000000c21facc8,0x00000000c4300000)
 Metaspace       used 48631K, committed 49472K, reserved 1097728K
  class space    used 5298K, committed 5696K, reserved 1048576K
}
Event: 18.040 GC heap before
{Heap before GC invocations=28 (full 2):
 PSYoungGen      total 19456K, used 19446K [0x00000000eab00000, 0x00000000ec580000, 0x0000000100000000)
  eden space 18944K, 100% used [0x00000000eab00000,0x00000000ebd80000,0x00000000ebd80000)
  from space 512K, 98% used [0x00000000ec000000,0x00000000ec07dae8,0x00000000ec080000)
  to   space 4096K, 0% used [0x00000000ec180000,0x00000000ec180000,0x00000000ec580000)
 ParOldGen       total 68608K, used 34795K [0x00000000c0000000, 0x00000000c4300000, 0x00000000eab00000)
  object space 68608K, 50% used [0x00000000c0000000,0x00000000c21facc8,0x00000000c4300000)
 Metaspace       used 50004K, committed 50880K, reserved 1097728K
  class space    used 5553K, committed 5952K, reserved 1048576K
}
Event: 18.045 GC heap after
{Heap after GC invocations=28 (full 2):
 PSYoungGen      total 20992K, used 4090K [0x00000000eab00000, 0x00000000ec980000, 0x0000000100000000)
  eden space 16896K, 0% used [0x00000000eab00000,0x00000000eab00000,0x00000000ebb80000)
  from space 4096K, 99% used [0x00000000ec180000,0x00000000ec57eb58,0x00000000ec580000)
  to   space 6144K, 0% used [0x00000000ebb80000,0x00000000ebb80000,0x00000000ec180000)
 ParOldGen       total 68608K, used 36038K [0x00000000c0000000, 0x00000000c4300000, 0x00000000eab00000)
  object space 68608K, 52% used [0x00000000c0000000,0x00000000c2331b70,0x00000000c4300000)
 Metaspace       used 50004K, committed 50880K, reserved 1097728K
  class space    used 5553K, committed 5952K, reserved 1048576K
}
Event: 18.707 GC heap before
{Heap before GC invocations=29 (full 2):
 PSYoungGen      total 20992K, used 20986K [0x00000000eab00000, 0x00000000ec980000, 0x0000000100000000)
  eden space 16896K, 100% used [0x00000000eab00000,0x00000000ebb80000,0x00000000ebb80000)
  from space 4096K, 99% used [0x00000000ec180000,0x00000000ec57eb58,0x00000000ec580000)
  to   space 6144K, 0% used [0x00000000ebb80000,0x00000000ebb80000,0x00000000ec180000)
 ParOldGen       total 68608K, used 36038K [0x00000000c0000000, 0x00000000c4300000, 0x00000000eab00000)
  object space 68608K, 52% used [0x00000000c0000000,0x00000000c2331b70,0x00000000c4300000)
 Metaspace       used 50545K, committed 51392K, reserved 1097728K
  class space    used 5620K, committed 6016K, reserved 1048576K
}
Event: 18.711 GC heap after
{Heap after GC invocations=29 (full 2):
 PSYoungGen      total 17408K, used 480K [0x00000000eab00000, 0x00000000ec200000, 0x0000000100000000)
  eden space 16896K, 0% used [0x00000000eab00000,0x00000000eab00000,0x00000000ebb80000)
  from space 512K, 93% used [0x00000000ebb80000,0x00000000ebbf8000,0x00000000ebc00000)
  to   space 2560K, 0% used [0x00000000ebf80000,0x00000000ebf80000,0x00000000ec200000)
 ParOldGen       total 68608K, used 40119K [0x00000000c0000000, 0x00000000c4300000, 0x00000000eab00000)
  object space 68608K, 58% used [0x00000000c0000000,0x00000000c272de50,0x00000000c4300000)
 Metaspace       used 50545K, committed 51392K, reserved 1097728K
  class space    used 5620K, committed 6016K, reserved 1048576K
}
Event: 19.099 GC heap before
{Heap before GC invocations=30 (full 2):
 PSYoungGen      total 17408K, used 17376K [0x00000000eab00000, 0x00000000ec200000, 0x0000000100000000)
  eden space 16896K, 100% used [0x00000000eab00000,0x00000000ebb80000,0x00000000ebb80000)
  from space 512K, 93% used [0x00000000ebb80000,0x00000000ebbf8000,0x00000000ebc00000)
  to   space 2560K, 0% used [0x00000000ebf80000,0x00000000ebf80000,0x00000000ec200000)
 ParOldGen       total 68608K, used 40119K [0x00000000c0000000, 0x00000000c4300000, 0x00000000eab00000)
  object space 68608K, 58% used [0x00000000c0000000,0x00000000c272de50,0x00000000c4300000)
 Metaspace       used 50573K, committed 51456K, reserved 1097728K
  class space    used 5621K, committed 6016K, reserved 1048576K
}
Event: 19.101 GC heap after
{Heap after GC invocations=30 (full 2):
 PSYoungGen      total 18432K, used 2554K [0x00000000eab00000, 0x00000000ec580000, 0x0000000100000000)
  eden space 15872K, 0% used [0x00000000eab00000,0x00000000eab00000,0x00000000eba80000)
  from space 2560K, 99% used [0x00000000ebf80000,0x00000000ec1feae0,0x00000000ec200000)
  to   space 5120K, 0% used [0x00000000eba80000,0x00000000eba80000,0x00000000ebf80000)
 ParOldGen       total 68608K, used 41767K [0x00000000c0000000, 0x00000000c4300000, 0x00000000eab00000)
  object space 68608K, 60% used [0x00000000c0000000,0x00000000c28c9c98,0x00000000c4300000)
 Metaspace       used 50573K, committed 51456K, reserved 1097728K
  class space    used 5621K, committed 6016K, reserved 1048576K
}
Event: 19.410 GC heap before
{Heap before GC invocations=31 (full 2):
 PSYoungGen      total 18432K, used 18426K [0x00000000eab00000, 0x00000000ec580000, 0x0000000100000000)
  eden space 15872K, 100% used [0x00000000eab00000,0x00000000eba80000,0x00000000eba80000)
  from space 2560K, 99% used [0x00000000ebf80000,0x00000000ec1feae0,0x00000000ec200000)
  to   space 5120K, 0% used [0x00000000eba80000,0x00000000eba80000,0x00000000ebf80000)
 ParOldGen       total 68608K, used 41767K [0x00000000c0000000, 0x00000000c4300000, 0x00000000eab00000)
  object space 68608K, 60% used [0x00000000c0000000,0x00000000c28c9c98,0x00000000c4300000)
 Metaspace       used 51523K, committed 52352K, reserved 1097728K
  class space    used 5821K, committed 6208K, reserved 1048576K
}
Event: 19.413 GC heap after
{Heap after GC invocations=31 (full 2):
 PSYoungGen      total 16896K, used 736K [0x00000000eab00000, 0x00000000ec000000, 0x0000000100000000)
  eden space 15872K, 0% used [0x00000000eab00000,0x00000000eab00000,0x00000000eba80000)
  from space 1024K, 71% used [0x00000000eba80000,0x00000000ebb38000,0x00000000ebb80000)
  to   space 2048K, 0% used [0x00000000ebe00000,0x00000000ebe00000,0x00000000ec000000)
 ParOldGen       total 68608K, used 44275K [0x00000000c0000000, 0x00000000c4300000, 0x00000000eab00000)
  object space 68608K, 64% used [0x00000000c0000000,0x00000000c2b3cf78,0x00000000c4300000)
 Metaspace       used 51523K, committed 52352K, reserved 1097728K
  class space    used 5821K, committed 6208K, reserved 1048576K
}
Event: 19.678 GC heap before
{Heap before GC invocations=32 (full 2):
 PSYoungGen      total 16896K, used 16608K [0x00000000eab00000, 0x00000000ec000000, 0x0000000100000000)
  eden space 15872K, 100% used [0x00000000eab00000,0x00000000eba80000,0x00000000eba80000)
  from space 1024K, 71% used [0x00000000eba80000,0x00000000ebb38000,0x00000000ebb80000)
  to   space 2048K, 0% used [0x00000000ebe00000,0x00000000ebe00000,0x00000000ec000000)
 ParOldGen       total 68608K, used 44275K [0x00000000c0000000, 0x00000000c4300000, 0x00000000eab00000)
  object space 68608K, 64% used [0x00000000c0000000,0x00000000c2b3cf78,0x00000000c4300000)
 Metaspace       used 53300K, committed 54144K, reserved 1097728K
  class space    used 6125K, committed 6464K, reserved 1048576K
}
Event: 19.680 GC heap after
{Heap after GC invocations=32 (full 2):
 PSYoungGen      total 16896K, used 576K [0x00000000eab00000, 0x00000000ebf00000, 0x0000000100000000)
  eden space 15872K, 0% used [0x00000000eab00000,0x00000000eab00000,0x00000000eba80000)
  from space 1024K, 56% used [0x00000000ebe00000,0x00000000ebe90000,0x00000000ebf00000)
  to   space 1024K, 0% used [0x00000000eba80000,0x00000000eba80000,0x00000000ebb80000)
 ParOldGen       total 68608K, used 44851K [0x00000000c0000000, 0x00000000c4300000, 0x00000000eab00000)
  object space 68608K, 65% used [0x00000000c0000000,0x00000000c2bccfd8,0x00000000c4300000)
 Metaspace       used 53300K, committed 54144K, reserved 1097728K
  class space    used 6125K, committed 6464K, reserved 1048576K
}
Event: 20.456 GC heap before
{Heap before GC invocations=33 (full 2):
 PSYoungGen      total 16896K, used 16448K [0x00000000eab00000, 0x00000000ebf00000, 0x0000000100000000)
  eden space 15872K, 100% used [0x00000000eab00000,0x00000000eba80000,0x00000000eba80000)
  from space 1024K, 56% used [0x00000000ebe00000,0x00000000ebe90000,0x00000000ebf00000)
  to   space 1024K, 0% used [0x00000000eba80000,0x00000000eba80000,0x00000000ebb80000)
 ParOldGen       total 68608K, used 44851K [0x00000000c0000000, 0x00000000c4300000, 0x00000000eab00000)
  object space 68608K, 65% used [0x00000000c0000000,0x00000000c2bccfd8,0x00000000c4300000)
 Metaspace       used 54609K, committed 55488K, reserved 1105920K
  class space    used 6296K, committed 6720K, reserved 1048576K
}
Event: 20.458 GC heap after
{Heap after GC invocations=33 (full 2):
 PSYoungGen      total 16896K, used 576K [0x00000000eab00000, 0x00000000ebe80000, 0x0000000100000000)
  eden space 15872K, 0% used [0x00000000eab00000,0x00000000eab00000,0x00000000eba80000)
  from space 1024K, 56% used [0x00000000eba80000,0x00000000ebb10000,0x00000000ebb80000)
  to   space 1024K, 0% used [0x00000000ebd80000,0x00000000ebd80000,0x00000000ebe80000)
 ParOldGen       total 68608K, used 45251K [0x00000000c0000000, 0x00000000c4300000, 0x00000000eab00000)
  object space 68608K, 65% used [0x00000000c0000000,0x00000000c2c30fd8,0x00000000c4300000)
 Metaspace       used 54609K, committed 55488K, reserved 1105920K
  class space    used 6296K, committed 6720K, reserved 1048576K
}
Event: 21.066 GC heap before
{Heap before GC invocations=34 (full 2):
 PSYoungGen      total 16896K, used 16448K [0x00000000eab00000, 0x00000000ebe80000, 0x0000000100000000)
  eden space 15872K, 100% used [0x00000000eab00000,0x00000000eba80000,0x00000000eba80000)
  from space 1024K, 56% used [0x00000000eba80000,0x00000000ebb10000,0x00000000ebb80000)
  to   space 1024K, 0% used [0x00000000ebd80000,0x00000000ebd80000,0x00000000ebe80000)
 ParOldGen       total 68608K, used 45251K [0x00000000c0000000, 0x00000000c4300000, 0x00000000eab00000)
  object space 68608K, 65% used [0x00000000c0000000,0x00000000c2c30fd8,0x00000000c4300000)
 Metaspace       used 54657K, committed 55552K, reserved 1105920K
  class space    used 6298K, committed 6720K, reserved 1048576K
}
Event: 21.067 GC heap after
{Heap after GC invocations=34 (full 2):
 PSYoungGen      total 16384K, used 160K [0x00000000eab00000, 0x00000000ebe00000, 0x0000000100000000)
  eden space 15872K, 0% used [0x00000000eab00000,0x00000000eab00000,0x00000000eba80000)
  from space 512K, 31% used [0x00000000ebd80000,0x00000000ebda8000,0x00000000ebe00000)
  to   space 512K, 0% used [0x00000000ebd00000,0x00000000ebd00000,0x00000000ebd80000)
 ParOldGen       total 68608K, used 45731K [0x00000000c0000000, 0x00000000c4300000, 0x00000000eab00000)
  object space 68608K, 66% used [0x00000000c0000000,0x00000000c2ca8c20,0x00000000c4300000)
 Metaspace       used 54657K, committed 55552K, reserved 1105920K
  class space    used 6298K, committed 6720K, reserved 1048576K
}
Event: 21.899 GC heap before
{Heap before GC invocations=35 (full 2):
 PSYoungGen      total 16384K, used 16032K [0x00000000eab00000, 0x00000000ebe00000, 0x0000000100000000)
  eden space 15872K, 100% used [0x00000000eab00000,0x00000000eba80000,0x00000000eba80000)
  from space 512K, 31% used [0x00000000ebd80000,0x00000000ebda8000,0x00000000ebe00000)
  to   space 512K, 0% used [0x00000000ebd00000,0x00000000ebd00000,0x00000000ebd80000)
 ParOldGen       total 68608K, used 45731K [0x00000000c0000000, 0x00000000c4300000, 0x00000000eab00000)
  object space 68608K, 66% used [0x00000000c0000000,0x00000000c2ca8c20,0x00000000c4300000)
 Metaspace       used 54672K, committed 55616K, reserved 1105920K
  class space    used 6298K, committed 6720K, reserved 1048576K
}
Event: 21.899 GC heap after
{Heap after GC invocations=35 (full 2):
 PSYoungGen      total 16384K, used 192K [0x00000000eab00000, 0x00000000ebe00000, 0x0000000100000000)
  eden space 15872K, 0% used [0x00000000eab00000,0x00000000eab00000,0x00000000eba80000)
  from space 512K, 37% used [0x00000000ebd00000,0x00000000ebd30000,0x00000000ebd80000)
  to   space 512K, 0% used [0x00000000ebd80000,0x00000000ebd80000,0x00000000ebe00000)
 ParOldGen       total 68608K, used 45763K [0x00000000c0000000, 0x00000000c4300000, 0x00000000eab00000)
  object space 68608K, 66% used [0x00000000c0000000,0x00000000c2cb0c20,0x00000000c4300000)
 Metaspace       used 54672K, committed 55616K, reserved 1105920K
  class space    used 6298K, committed 6720K, reserved 1048576K
}
Event: 22.334 GC heap before
{Heap before GC invocations=36 (full 2):
 PSYoungGen      total 16384K, used 16064K [0x00000000eab00000, 0x00000000ebe00000, 0x0000000100000000)
  eden space 15872K, 100% used [0x00000000eab00000,0x00000000eba80000,0x00000000eba80000)
  from space 512K, 37% used [0x00000000ebd00000,0x00000000ebd30000,0x00000000ebd80000)
  to   space 512K, 0% used [0x00000000ebd80000,0x00000000ebd80000,0x00000000ebe00000)
 ParOldGen       total 68608K, used 45763K [0x00000000c0000000, 0x00000000c4300000, 0x00000000eab00000)
  object space 68608K, 66% used [0x00000000c0000000,0x00000000c2cb0c20,0x00000000c4300000)
 Metaspace       used 54707K, committed 55616K, reserved 1105920K
  class space    used 6298K, committed 6720K, reserved 1048576K
}
Event: 22.334 GC heap after
{Heap after GC invocations=36 (full 2):
 PSYoungGen      total 16384K, used 192K [0x00000000eab00000, 0x00000000ebe00000, 0x0000000100000000)
  eden space 15872K, 0% used [0x00000000eab00000,0x00000000eab00000,0x00000000eba80000)
  from space 512K, 37% used [0x00000000ebd80000,0x00000000ebdb0000,0x00000000ebe00000)
  to   space 512K, 0% used [0x00000000ebd00000,0x00000000ebd00000,0x00000000ebd80000)
 ParOldGen       total 68608K, used 45811K [0x00000000c0000000, 0x00000000c4300000, 0x00000000eab00000)
  object space 68608K, 66% used [0x00000000c0000000,0x00000000c2cbcc20,0x00000000c4300000)
 Metaspace       used 54707K, committed 55616K, reserved 1105920K
  class space    used 6298K, committed 6720K, reserved 1048576K
}

